This is pdfeTeX, Version 3.141592-1.21a-2.2 (Web2C 7.5.4) (format=pdflatex 2006.9.18)  18 JUN 2007 17:36
entering extended mode
**zdepthRelight.tex
(./zdepthRelight.tex
LaTeX2e <2003/12/01>
Babel <v3.8d> and hyphenation patterns for american, french, german, ngerman, b
ahasa, basque, bulgarian, catalan, croatian, czech, danish, dutch, esperanto, e
stonian, finnish, greek, icelandic, irish, italian, latin, magyar, norsk, polis
h, portuges, romanian, russian, serbian, slovak, slovene, spanish, swedish, tur
kish, ukrainian, nohyphenation, loaded.
(./acmsiggraph.cls
Document Class: acmsiggraph 2005/01/22 ACM SIGGRAPH
(/usr/share/texmf-tetex/tex/latex/base/article.cls
Document Class: article 2004/02/16 v1.4f Standard LaTeX document class
(/usr/share/texmf-tetex/tex/latex/base/size10.clo
File: size10.clo 2004/02/16 v1.4f Standard LaTeX file (size option)
)
\c@part=\count79
\c@section=\count80
\c@subsection=\count81
\c@subsubsection=\count82
\c@paragraph=\count83
\c@subparagraph=\count84
\c@figure=\count85
\c@table=\count86
\abovecaptionskip=\skip41
\belowcaptionskip=\skip42
\bibindent=\dimen102
)
\bibhang=\skip43
\titlespace=\skip44
\teaserspace=\skip45
\acm@abs=\toks14
\acm@copyrightlength=\skip46
)
(/usr/share/texmf-tetex/tex/latex/psnfss/mathptmx.sty
Package: mathptmx 2004/09/15 PSNFSS-v9.2 Times w/ Math, improved (SPQR, WaS) 
LaTeX Font Info:    Redeclaring symbol font `operators' on input line 28.
LaTeX Font Info:    Overwriting symbol font `operators' in version `normal'
(Font)                  OT1/cmr/m/n --> OT1/ztmcm/m/n on input line 28.
LaTeX Font Info:    Overwriting symbol font `operators' in version `bold'
(Font)                  OT1/cmr/bx/n --> OT1/ztmcm/m/n on input line 28.
LaTeX Font Info:    Redeclaring symbol font `letters' on input line 29.
LaTeX Font Info:    Overwriting symbol font `letters' in version `normal'
(Font)                  OML/cmm/m/it --> OML/ztmcm/m/it on input line 29.
LaTeX Font Info:    Overwriting symbol font `letters' in version `bold'
(Font)                  OML/cmm/b/it --> OML/ztmcm/m/it on input line 29.
LaTeX Font Info:    Redeclaring symbol font `symbols' on input line 30.
LaTeX Font Info:    Overwriting symbol font `symbols' in version `normal'
(Font)                  OMS/cmsy/m/n --> OMS/ztmcm/m/n on input line 30.
LaTeX Font Info:    Overwriting symbol font `symbols' in version `bold'
(Font)                  OMS/cmsy/b/n --> OMS/ztmcm/m/n on input line 30.
LaTeX Font Info:    Redeclaring symbol font `largesymbols' on input line 31.
LaTeX Font Info:    Overwriting symbol font `largesymbols' in version `normal'
(Font)                  OMX/cmex/m/n --> OMX/ztmcm/m/n on input line 31.
LaTeX Font Info:    Overwriting symbol font `largesymbols' in version `bold'
(Font)                  OMX/cmex/m/n --> OMX/ztmcm/m/n on input line 31.
\symbold=\mathgroup4
\symitalic=\mathgroup5
LaTeX Font Info:    Redeclaring math alphabet \mathbf on input line 34.
LaTeX Font Info:    Overwriting math alphabet `\mathbf' in version `normal'
(Font)                  OT1/cmr/bx/n --> OT1/ptm/bx/n on input line 34.
LaTeX Font Info:    Overwriting math alphabet `\mathbf' in version `bold'
(Font)                  OT1/cmr/bx/n --> OT1/ptm/bx/n on input line 34.
LaTeX Font Info:    Redeclaring math alphabet \mathit on input line 35.
LaTeX Font Info:    Overwriting math alphabet `\mathit' in version `normal'
(Font)                  OT1/cmr/m/it --> OT1/ptm/m/it on input line 35.
LaTeX Font Info:    Overwriting math alphabet `\mathit' in version `bold'
(Font)                  OT1/cmr/bx/it --> OT1/ptm/m/it on input line 35.
LaTeX Info: Redefining \hbar on input line 50.
)
(/usr/share/texmf-tetex/tex/latex/graphics/graphicx.sty
Package: graphicx 1999/02/16 v1.0f Enhanced LaTeX Graphics (DPC,SPQR)

(/usr/share/texmf-tetex/tex/latex/graphics/keyval.sty
Package: keyval 1999/03/16 v1.13 key=value parser (DPC)
\KV@toks@=\toks15
)
(/usr/share/texmf-tetex/tex/latex/graphics/graphics.sty
Package: graphics 2001/07/07 v1.0n Standard LaTeX Graphics (DPC,SPQR)

(/usr/share/texmf-tetex/tex/latex/graphics/trig.sty
Package: trig 1999/03/16 v1.09 sin cos tan (DPC)
)
(/usr/share/texmf-tetex/tex/latex/graphics/graphics.cfg
File: graphics.cfg 2005/02/03 v1.3 graphics configuration of teTeX/TeXLive
)
Package graphics Info: Driver file: pdftex.def on input line 80.

(/usr/share/texmf-tetex/tex/latex/graphics/pdftex.def
File: pdftex.def 2002/06/19 v0.03k graphics/color for pdftex
\Gread@gobject=\count87
))
\Gin@req@height=\dimen103
\Gin@req@width=\dimen104
)
(/usr/share/texmf-tetex/tex/latex/parskip/parskip.sty
Package: parskip 2001/04/09 non-zero parskip adjustments
) (./zdepthRelight.aux)
\openout1 = `zdepthRelight.aux'.

LaTeX Font Info:    Checking defaults for OML/cmm/m/it on input line 21.
LaTeX Font Info:    ... okay on input line 21.
LaTeX Font Info:    Checking defaults for T1/cmr/m/n on input line 21.
LaTeX Font Info:    ... okay on input line 21.
LaTeX Font Info:    Checking defaults for OT1/cmr/m/n on input line 21.
LaTeX Font Info:    ... okay on input line 21.
LaTeX Font Info:    Checking defaults for OMS/cmsy/m/n on input line 21.
LaTeX Font Info:    ... okay on input line 21.
LaTeX Font Info:    Checking defaults for OMX/cmex/m/n on input line 21.
LaTeX Font Info:    ... okay on input line 21.
LaTeX Font Info:    Checking defaults for U/cmr/m/n on input line 21.
LaTeX Font Info:    ... okay on input line 21.
LaTeX Font Info:    Try loading font information for OT1+ptm on input line 21.

(/usr/share/texmf-tetex/tex/latex/psnfss/ot1ptm.fd
File: ot1ptm.fd 2001/06/04 font definitions for OT1/ptm.
)
\big@size=\dimen105

(/usr/share/texmf-tetex/tex/context/base/supp-pdf.tex
(/usr/share/texmf-tetex/tex/context/base/supp-mis.tex
loading : Context Support Macros / Miscellaneous (2004.10.26)
\protectiondepth=\count88
\scratchcounter=\count89
\scratchtoks=\toks16
\scratchdimen=\dimen106
\scratchskip=\skip47
\scratchmuskip=\muskip10
\scratchbox=\box26
\scratchread=\read1
\scratchwrite=\write3
\zeropoint=\dimen107
\onepoint=\dimen108
\onebasepoint=\dimen109
\minusone=\count90
\thousandpoint=\dimen110
\onerealpoint=\dimen111
\emptytoks=\toks17
\nextbox=\box27
\nextdepth=\dimen112
\everyline=\toks18
\!!counta=\count91
\!!countb=\count92
\recursecounter=\count93
)
loading : Context Support Macros / PDF (2004.03.26)
\nofMPsegments=\count94
\nofMParguments=\count95
\MPscratchCnt=\count96
\MPscratchDim=\dimen113
\MPnumerator=\count97
\everyMPtoPDFconversion=\toks19
)
LaTeX Font Info:    Try loading font information for OT1+ztmcm on input line 23
.
 (/usr/share/texmf-tetex/tex/latex/psnfss/ot1ztmcm.fd
File: ot1ztmcm.fd 2000/01/03 Fontinst v1.801 font definitions for OT1/ztmcm.
)
LaTeX Font Info:    Try loading font information for OML+ztmcm on input line 23
.

(/usr/share/texmf-tetex/tex/latex/psnfss/omlztmcm.fd
File: omlztmcm.fd 2000/01/03 Fontinst v1.801 font definitions for OML/ztmcm.
)
LaTeX Font Info:    Try loading font information for OMS+ztmcm on input line 23
.

(/usr/share/texmf-tetex/tex/latex/psnfss/omsztmcm.fd
File: omsztmcm.fd 2000/01/03 Fontinst v1.801 font definitions for OMS/ztmcm.
)
LaTeX Font Info:    Try loading font information for OMX+ztmcm on input line 23
.

(/usr/share/texmf-tetex/tex/latex/psnfss/omxztmcm.fd
File: omxztmcm.fd 2000/01/03 Fontinst v1.801 font definitions for OMX/ztmcm.
)
LaTeX Font Info:    Font shape `OT1/ptm/bx/n' in size <10> not available
(Font)              Font shape `OT1/ptm/b/n' tried instead on input line 23.
LaTeX Font Info:    Font shape `OT1/ptm/bx/n' in size <7.4> not available
(Font)              Font shape `OT1/ptm/b/n' tried instead on input line 23.
LaTeX Font Info:    Font shape `OT1/ptm/bx/n' in size <6> not available
(Font)              Font shape `OT1/ptm/b/n' tried instead on input line 23.
LaTeX Font Info:    Calculating math sizes for size <7.4> on input line 23.
LaTeX Font Info:    Font shape `OT1/ptm/bx/n' in size <5.47603> not available
(Font)              Font shape `OT1/ptm/b/n' tried instead on input line 23.
LaTeX Font Info:    Font shape `OT1/ptm/bx/n' in size <4.44003> not available
(Font)              Font shape `OT1/ptm/b/n' tried instead on input line 23.
LaTeX Font Info:    Font shape `OT1/ptm/bx/n' in size <8> not available
(Font)              Font shape `OT1/ptm/b/n' tried instead on input line 23.
LaTeX Font Info:    Font shape `OT1/ptm/bx/n' in size <5> not available
(Font)              Font shape `OT1/ptm/b/n' tried instead on input line 23.

<FrontPage.png, id=1, 1027.84pt x 1027.84pt>
File: FrontPage.png Graphic file (type png)
 <use FrontPage.png>
Missing character: There is no Â in font ptmr7t!
Missing character: There is no   in font ptmr7t!
LaTeX Font Info:    Font shape `OT1/ptm/bx/n' in size <9> not available
(Font)              Font shape `OT1/ptm/b/n' tried instead on input line 38.
Missing character: There is no Å in font ptmr7t!
Missing character: There is no ¡ in font ptmr7t!
LaTeX Font Info:    Font shape `OT1/ptm/bx/n' in size <7> not available
(Font)              Font shape `OT1/ptm/b/n' tried instead on input line 55.
 [1{/var/lib/texmf/fonts/map/pdftex/updmap/pdftex.map}


 <./FrontPage.png>] [2]
<atriumdepth.png, id=33, 513.92pt x 513.92pt>
File: atriumdepth.png Graphic file (type png)
 <use atriumdepth.png>
<Attrium2lights.jpg, id=34, 513.92pt x 513.92pt>
File: Attrium2lights.jpg Graphic file (type jpg)
 <use Attrium2lights.jpg>
<BuddhaP.png, id=35, 513.92pt x 513.92pt>
File: BuddhaP.png Graphic file (type png)
 <use BuddhaP.png>

LaTeX Warning: `h' float specifier changed to `ht'.

<BuddhaN.png, id=36, 513.92pt x 513.92pt>
File: BuddhaN.png Graphic file (type png)
 <use BuddhaN.png>

LaTeX Warning: `h' float specifier changed to `ht'.

<BuddhaDirect2.png, id=37, 513.92pt x 513.92pt>
File: BuddhaDirect2.png Graphic file (type png)
 <use BuddhaDirect2.png>

LaTeX Warning: `h' float specifier changed to `ht'.

<BuddhaPoint2.png, id=38, 513.92pt x 513.92pt>
File: BuddhaPoint2.png Graphic file (type png)
 <use BuddhaPoint2.png>

LaTeX Warning: `h' float specifier changed to `ht'.

<BuddhaSpot2.png, id=39, 513.92pt x 513.92pt>
File: BuddhaSpot2.png Graphic file (type png)
 <use BuddhaSpot2.png>

LaTeX Warning: `h' float specifier changed to `ht'.

<BuddhaGlas.png, id=40, 513.92pt x 513.92pt>
File: BuddhaGlas.png Graphic file (type png)
 <use BuddhaGlas.png>

LaTeX Warning: `h' float specifier changed to `ht'.

<BuddhaRefract.png, id=41, 1027.84pt x 1027.84pt>
File: BuddhaRefract.png Graphic file (type png)
 <use BuddhaRefract.png>

LaTeX Warning: `h' float specifier changed to `ht'.

<WolfDiff1.png, id=42, 722.7pt x 578.16pt>
File: WolfDiff1.png Graphic file (type png)
 <use WolfDiff1.png>

LaTeX Warning: `h' float specifier changed to `ht'.

<WolfNPR2.png, id=43, 722.7pt x 578.16pt>
File: WolfNPR2.png Graphic file (type png)
 <use WolfNPR2.png>
<WolfNPR1.png, id=44, 722.7pt x 578.16pt>
File: WolfNPR1.png Graphic file (type png)
 <use WolfNPR1.png>
<WolfNPR3.png, id=45, 722.7pt x 578.16pt>
File: WolfNPR3.png Graphic file (type png)
 <use WolfNPR3.png>

LaTeX Warning: `h' float specifier changed to `ht'.

(./zdepthRelight.bbl
Missing character: There is no Å in font ptmrc7t!
Missing character: There is no ¡ in font ptmrc7t!
) [3 <./atriumdepth.png> <./Attrium2lights.jpg> <./BuddhaP.png> <./BuddhaN.png>
 <./BuddhaDirect2.png>] [4 <./BuddhaPoint2.png> <./BuddhaSpot2.png> <./BuddhaGl
as.png> <./BuddhaRefract.png> <./WolfDiff1.png>] [5

 <./WolfNPR2.png> <./WolfNPR1.png> <./WolfNPR3.png>] (./zdepthRelight.aux) ) 
Here is how much of TeX's memory you used:
 1262 strings out of 94500
 16258 string characters out of 1175788
 65284 words of memory out of 1000000
 4409 multiletter control sequences out of 10000+50000
 48994 words of font info for 106 fonts, out of 500000 for 2000
 580 hyphenation exceptions out of 8191
 35i,15n,21p,1195b,327s stack positions out of 1500i,500n,5000p,200000b,5000s
PDF statistics:
 54 PDF objects out of 300000
 0 named destinations out of 131072
 71 words of extra memory for PDF output out of 65536
</u
sr/share/texmf-tetex/fonts/type1/bluesky/cm/cmmi10.pfb></usr/share/texmf-tetex/
fonts/type1/urw/symbol/usyr.pfb></usr/share/texmf-tetex/fonts/type1/bluesky/cm/
cmr10.pfb>{/usr/share/texmf-tetex/fonts/enc/dvips/psnfss/8r.enc}</usr/share/tex
mf-tetex/fonts/type1/urw/times/utmri8a.pfb></usr/share/texmf-tetex/fonts/type1/
urw/times/utmb8a.pfb></usr/share/texmf-tetex/fonts/type1/bluesky/cm/cmsy10.pfb>
</usr/share/texmf-tetex/fonts/type1/urw/times/utmr8a.pfb></usr/share/texmf-tete
x/fonts/type1/bluesky/cm/cmssbx10.pfb>
Output written on zdepthRelight.pdf (5 pages, 2661051 bytes).
